<component name="libraryTable">
  <library name="junit:junit:4.12" type="repository">
    <properties maven-id="junit:junit:4.12" />
    <CLASSES>
      <root url="jar://$MAVEN_REPOSITORY$/junit/junit/4.12/junit-4.12.jar!/" />
      <root url="jar://$MAVEN_REPOSITORY$/org/hamcrest/hamcrest-core/1.3/hamcrest-core-1.3.jar!/" />
      <root url="jar://$PROJECT_DIR$/../mockito-all-1.10.19.jar!/" />
      <root url="jar://$PROJECT_DIR$/../mockito-core-1.10.19.jar!/" />
    </CLASSES>
    <JAVADOC />
    <SOURCES>
      <root url="jar://$PROJECT_DIR$/../mockito-all-1.10.19.jar!/" />
      <root url="jar://$PROJECT_DIR$/../mockito-core-1.10.19.jar!/" />
    </SOURCES>
  </library>
</component>